<?xml version="1.0" encoding="UTF-8"?>
<!-- Generated by org.testng.reporters.JUnitReportReporter -->
<testsuite hostname="QA1082" failures="0" tests="4" name="api.test.UserTest" time="10.774" errors="0" timestamp="2024-02-17T17:35:07 IST" skipped="0">
  <testcase classname="api.test.UserTest" name="testPostUser" time="4.995"/>
  <testcase classname="api.test.UserTest" name="testGetUserbyName" time="1.433"/>
  <testcase classname="api.test.UserTest" name="testUpdateuserbyName" time="3.124"/>
  <testcase classname="api.test.UserTest" name="testDeleteUser" time="1.222"/>
</testsuite> <!-- api.test.UserTest -->
